<?xml version="1.0" encoding="UTF-8"?>
<testsuite xmlns:xsi="http://www.w3.org/2001/XMLSchema-instance" xsi:noNamespaceSchemaLocation="https://maven.apache.org/surefire/maven-surefire-plugin/xsd/surefire-test-report-3.0.xsd" version="3.0" name="edu.brown.cs.amanjal_mdeetman.WeatherRouterApp.routing.main.weather.WeatherDataTest" time="0.117" tests="4" errors="1" skipped="0" failures="0">
  <properties>
[...]
</properties>
  <testcase name="testGetSpeed" classname="edu.brown.cs.amanjal_mdeetman.WeatherRouterApp.routing.main.weather.WeatherDataTest" time="0"/>
  <testcase name="testBadSpeed" classname="edu.brown.cs.amanjal_mdeetman.WeatherRouterApp.routing.main.weather.WeatherDataTest" time="0"/>
  <testcase name="testCreateHeuristic" classname="edu.brown.cs.amanjal_mdeetman.WeatherRouterApp.routing.main.weather.WeatherDataTest" time="0"/>
  <testcase name="testCreateData" classname="edu.brown.cs.amanjal_mdeetman.WeatherRouterApp.routing.main.weather.WeatherDataTest" time="0.115">
    <error message="wObj not found or created" type="java.lang.Exception"><![CDATA[java.lang.Exception: wObj not found or created
	at edu.brown.cs.amanjal_mdeetman.WeatherRouterApp.routing.main.weather.WeatherDataTest.testCreateData(WeatherDataTest.java:39)
]]></error>
  </testcase>
</testsuite>