<?xml version="1.0" encoding="UTF-8"?>
<testsuite xmlns:xsi="http://www.w3.org/2001/XMLSchema-instance" xsi:noNamespaceSchemaLocation="https://maven.apache.org/surefire/maven-surefire-plugin/xsd/surefire-test-report-3.0.xsd" version="3.0" name="edu.brown.cs.amanjal_mdeetman.WeatherRouterApp.routing.main.stars.StarsTest" time="0.017" tests="14" errors="0" skipped="0" failures="3">
  <properties>
[...]
</properties>
  <testcase name="starsTest" classname="edu.brown.cs.amanjal_mdeetman.WeatherRouterApp.routing.main.stars.StarsTest" time="0.007">
    <failure message="expected:&lt;[Read 10 stars from data/stars/ten-star.csv]&gt; but was:&lt;[ERROR: data/stars/ten-star.csv not found]&gt;" type="org.junit.ComparisonFailure"><![CDATA[org.junit.ComparisonFailure: expected:<[Read 10 stars from data/stars/ten-star.csv]> but was:<[ERROR: data/stars/ten-star.csv not found]>
	at edu.brown.cs.amanjal_mdeetman.WeatherRouterApp.routing.main.stars.StarsTest.starsTest(StarsTest.java:191)
]]></failure>
  </testcase>
  <testcase name="testNumStars" classname="edu.brown.cs.amanjal_mdeetman.WeatherRouterApp.routing.main.stars.StarsTest" time="0"/>
  <testcase name="testNaiveRadiusEdge" classname="edu.brown.cs.amanjal_mdeetman.WeatherRouterApp.routing.main.stars.StarsTest" time="0.001"/>
  <testcase name="testNaiveRadiusName" classname="edu.brown.cs.amanjal_mdeetman.WeatherRouterApp.routing.main.stars.StarsTest" time="0"/>
  <testcase name="starsEdgeTest" classname="edu.brown.cs.amanjal_mdeetman.WeatherRouterApp.routing.main.stars.StarsTest" time="0.001">
    <failure message="expected:&lt;[Read 0 stars from data/stars_test/no-star.csv]&gt; but was:&lt;[ERROR: data/stars_test/no-star.csv not found]&gt;" type="org.junit.ComparisonFailure"><![CDATA[org.junit.ComparisonFailure: expected:<[Read 0 stars from data/stars_test/no-star.csv]> but was:<[ERROR: data/stars_test/no-star.csv not found]>
	at edu.brown.cs.amanjal_mdeetman.WeatherRouterApp.routing.main.stars.StarsTest.starsEdgeTest(StarsTest.java:207)
]]></failure>
  </testcase>
  <testcase name="testNaiveNeighborsTie" classname="edu.brown.cs.amanjal_mdeetman.WeatherRouterApp.routing.main.stars.StarsTest" time="0"/>
  <testcase name="mockTest" classname="edu.brown.cs.amanjal_mdeetman.WeatherRouterApp.routing.main.stars.StarsTest" time="0.001">
    <failure message="expected:&lt;[Name: Othelia Wonfar,Email: owonfar0@hibu.com,Gender: Genderqueer,Address: 63 Service Junction&#10;Name: Bethany,Date: 9/30/2020,Email: bhogsden1@cargocollective.com,Gender: Male&#10;Name: Rhys Donnersberg,Email: rdonnersberg2@smh.com.au,Address: 98963 New Castle Center]&gt; but was:&lt;[ERROR: csv should have header &quot;StarID,ProperName,X,Y,Z&quot;]&gt;" type="org.junit.ComparisonFailure"><![CDATA[org.junit.ComparisonFailure: 
expected:<[Name: Othelia Wonfar,Email: owonfar0@hibu.com,Gender: Genderqueer,Address: 63 Service Junction
Name: Bethany,Date: 9/30/2020,Email: bhogsden1@cargocollective.com,Gender: Male
Name: Rhys Donnersberg,Email: rdonnersberg2@smh.com.au,Address: 98963 New Castle Center]> but was:<[ERROR: csv should have header "StarID,ProperName,X,Y,Z"]>
	at edu.brown.cs.amanjal_mdeetman.WeatherRouterApp.routing.main.stars.StarsTest.mockTest(StarsTest.java:243)
]]></failure>
  </testcase>
  <testcase name="starsErrorTest" classname="edu.brown.cs.amanjal_mdeetman.WeatherRouterApp.routing.main.stars.StarsTest" time="0.001"/>
  <testcase name="testNaiveRadiusError" classname="edu.brown.cs.amanjal_mdeetman.WeatherRouterApp.routing.main.stars.StarsTest" time="0.001"/>
  <testcase name="testNaiveNeighborsCoords" classname="edu.brown.cs.amanjal_mdeetman.WeatherRouterApp.routing.main.stars.StarsTest" time="0.001"/>
  <testcase name="testNaiveNeighborsError" classname="edu.brown.cs.amanjal_mdeetman.WeatherRouterApp.routing.main.stars.StarsTest" time="0"/>
  <testcase name="testNaiveNeighborsEdge" classname="edu.brown.cs.amanjal_mdeetman.WeatherRouterApp.routing.main.stars.StarsTest" time="0.001"/>
  <testcase name="testNaiveNeighborsName" classname="edu.brown.cs.amanjal_mdeetman.WeatherRouterApp.routing.main.stars.StarsTest" time="0"/>
  <testcase name="testNaiveRadiusCoords" classname="edu.brown.cs.amanjal_mdeetman.WeatherRouterApp.routing.main.stars.StarsTest" time="0.001"/>
</testsuite>